Сборка начата 23.05.2019 17:48:53.
Окружение на момент начала сборки:
ALLUSERSPROFILE = C:\ProgramData
APPDATA = C:\Users\USER\AppData\Roaming
CommonProgramFiles = C:\Program Files (x86)\Common Files
CommonProgramFiles(x86) = C:\Program Files (x86)\Common Files
CommonProgramW6432 = C:\Program Files\Common Files
COMPUTERNAME = DEFENDER-SD
ComSpec = C:\WINDOWS\system32\cmd.exe
configsetroot = C:\WINDOWS\ConfigSetRoot
C_EM64T_REDIST11 = C:\Program Files (x86)\Common Files\Intel\Shared Files\cpp\
DriverData = C:\Windows\System32\Drivers\DriverData
easyplussdk = "C:\Program Files (x86)\Common Files\lenovo\easyplussdk\bin"
ESET_OPTIONS =                                                                                                                                                                                                                                                                                                                                                                                                                                                                                                                                
FPS_BROWSER_APP_PROFILE_STRING = Internet Explorer
FPS_BROWSER_USER_PROFILE_STRING = Default
HOMEDRIVE = C:
HOMEPATH = \Users\USER
KMP_DUPLICATE_LIB_OK = TRUE
LOCALAPPDATA = C:\Users\USER\AppData\Local
LOGONSERVER = \\DEFENDER-SD
MKL_SERIAL = YES
MSBuildLoadMicrosoftTargetsReadOnly = true
NUMBER_OF_PROCESSORS = 4
OneDrive = C:\Users\USER\OneDrive
OS = Windows_NT
Path = C:\Program Files (x86)\Common Files\Intel\Shared Files\cpp\bin\Intel64;C:\Program Files (x86)\Common Files\Oracle\Java\javapath;C:\ProgramData\Oracle\Java\javapath;C:\WINDOWS\system32;C:\WINDOWS;C:\WINDOWS\System32\Wbem;C:\WINDOWS\System32\WindowsPowerShell\v1.0\;C:\Program Files (x86)\Common Files\lenovo\easyplussdk\bin;C:\Program Files\Intel\WiFi\bin\;C:\Program Files\Common Files\Intel\WirelessCommon\;C:\install\AOMEI Backupper;C:\Program Files\Java\jdk-10.0.1\bin;C:\WINDOWS\System32\OpenSSH\;C:\Program Files\dotnet\;C:\Program Files\Microsoft SQL Server\130\Tools\Binn\;C:\install\Git\cmd;C:\Users\USER\AppData\Local\Microsoft\WindowsApps;C:\Users\USER\AppData\Local\atom\bin
PATHEXT = .COM;.EXE;.BAT;.CMD;.VBS;.VBE;.JS;.JSE;.WSF;.WSH;.MSC
PkgDefApplicationConfigFile = C:\Users\USER\AppData\Local\Microsoft\VisualStudio\15.0_3403365a\devenv.exe.config
PROCESSOR_ARCHITECTURE = x86
PROCESSOR_ARCHITEW6432 = AMD64
PROCESSOR_IDENTIFIER = Intel64 Family 6 Model 78 Stepping 3, GenuineIntel
PROCESSOR_LEVEL = 6
PROCESSOR_REVISION = 4e03
ProgramData = C:\ProgramData
ProgramFiles = C:\Program Files (x86)
ProgramFiles(x86) = C:\Program Files (x86)
ProgramW6432 = C:\Program Files
PSModulePath = C:\Program Files\WindowsPowerShell\Modules;C:\WINDOWS\system32\WindowsPowerShell\v1.0\Modules
PUBLIC = C:\Users\Public
SESSIONNAME = Console
SystemDrive = C:
SystemRoot = C:\WINDOWS
TEMP = C:\Users\USER\AppData\Local\Temp
TMP = C:\Users\USER\AppData\Local\Temp
USERDOMAIN = DEFENDER-SD
USERDOMAIN_ROAMINGPROFILE = DEFENDER-SD
USERNAME = USER
USERPROFILE = C:\Users\USER
VBOX_MSI_INSTALL_PATH = C:\install\VisualBox\
VisualStudioDir = C:\Users\USER\Documents\Visual Studio 2017
VisualStudioEdition = Microsoft Visual Studio Community 2017
VisualStudioVersion = 15.0
VS110COMNTOOLS = C:\Program Files (x86)\Microsoft Visual Studio 11.0\Common7\Tools\
VS120COMNTOOLS = C:\Program Files (x86)\Microsoft Visual Studio 12.0\Common7\Tools\
VS140COMNTOOLS = C:\Program Files (x86)\Microsoft Visual Studio 14.0\Common7\Tools\
VSAPPIDDIR = C:\Program Files (x86)\Microsoft Visual Studio\2017\Community\Common7\IDE\
VSAPPIDNAME = devenv.exe
VSLANG = 1049
VSSKUEDITION = Community
windir = C:\WINDOWS

     1>Проект "C:\git\LPLab10\LPLab10_git\LPLab10_git.vcxproj" в узле 2 (целевые объекты Build).
     1>InitializeBuildStatus:
         Создание "Debug\LPLab10_git.tlog\unsuccessfulbuild", так как было задано "AlwaysCreate".
       ClCompile:
         C:\Program Files (x86)\Microsoft Visual Studio\2017\Community\VC\Tools\MSVC\14.16.27023\bin\HostX86\x86\CL.exe /c /ZI /JMC /nologo /W3 /WX- /diagnostics:classic /Od /Oy- /D WIN32 /D _DEBUG /D _CONSOLE /D _UNICODE /D UNICODE /Gm- /EHsc /RTC1 /MDd /GS /fp:precise /Zc:wchar_t /Zc:forScope /Zc:inline /Yc"stdafx.h" /Fp"Debug\LPLab10_git.pch" /Fo"Debug\\" /Fd"Debug\vc141.pdb" /Gd /TP /analyze- /FC /errorReport:prompt stdafx.cpp
         stdafx.cpp
         C:\Program Files (x86)\Microsoft Visual Studio\2017\Community\VC\Tools\MSVC\14.16.27023\bin\HostX86\x86\CL.exe /c /ZI /JMC /nologo /W3 /WX- /diagnostics:classic /Od /Oy- /D WIN32 /D _DEBUG /D _CONSOLE /D _UNICODE /D UNICODE /Gm- /EHsc /RTC1 /MDd /GS /fp:precise /Zc:wchar_t /Zc:forScope /Zc:inline /Yu"stdafx.h" /Fp"Debug\LPLab10_git.pch" /Fo"Debug\\" /Fd"Debug\vc141.pdb" /Gd /TP /analyze- /FC /errorReport:prompt Error.cpp Test_Error.cpp Test_Parm.cpp
         Error.cpp
     1>c:\git\lplab10\lplab10_git\error.cpp(9): error C2065: EROOR_MAX_ENTRY: необъявленный идентификатор
     1>c:\git\lplab10\lplab10_git\error.cpp(10): error C2078: слишком много инициализаторов
     1>c:\git\lplab10\lplab10_git\error.cpp(9): error C2078: слишком много инициализаторов
         Test_Error.cpp
     1>c:\git\lplab10\lplab10_git\test_error.cpp(34): fatal error C1010: непредвиденный конец файла во время поиска предкомпилированного заголовка. Возможно, вы забыли добавить директиву "#include "stdafx.h"" в источник.
         Test_Parm.cpp
     1>c:\git\lplab10\lplab10_git\test_parm.cpp(8): fatal error C1083: Не удается открыть файл включение: Log.h: No such file or directory,
         Создание кода...
     1>Сборка проекта "C:\git\LPLab10\LPLab10_git\LPLab10_git.vcxproj" завершена (целевые объекты Build) с ошибкой.

Ошибка сборки.

       "C:\git\LPLab10\LPLab10_git\LPLab10_git.vcxproj" (целевой объект Build ) (1) ->
       (ClCompile конечный объект) -> 
         c:\git\lplab10\lplab10_git\error.cpp(9): error C2065: EROOR_MAX_ENTRY: необъявленный идентификатор
         c:\git\lplab10\lplab10_git\error.cpp(10): error C2078: слишком много инициализаторов
         c:\git\lplab10\lplab10_git\error.cpp(9): error C2078: слишком много инициализаторов
         c:\git\lplab10\lplab10_git\test_error.cpp(34): fatal error C1010: непредвиденный конец файла во время поиска предкомпилированного заголовка. Возможно, вы забыли добавить директиву "#include "stdafx.h"" в источник.
         c:\git\lplab10\lplab10_git\test_parm.cpp(8): fatal error C1083: Не удается открыть файл включение: Log.h: No such file or directory,

    Предупреждений: 0
    Ошибок: 5

Прошло времени 00:00:02.03
